### Cause: org.springframework.jdbc.CannotGetJdbcConnectionException: Failed to obtain JDBC Connection; nested exception is java.sql.SQLException: null,  message from server: "Host '172.19.0.1' is not allowed to connect to this MySQL server"
        at org.mybatis.spring.MyBatisExceptionTranslator.translateExceptionIfPossible(MyBatisExceptionTranslator.java:96)
        at org.mybatis.spring.SqlSessionTemplate$SqlSessionInterceptor.invoke(SqlSessionTemplate.java:441)
        at com.sun.proxy.$Proxy48.insert(Unknown Source)
        at org.mybatis.spring.SqlSessionTemplate.insert(SqlSessionTemplate.java:272)
        at org.apache.ibatis.binding.MapperMethod.execute(MapperMethod.java:62)
        at org.apache.ibatis.binding.MapperProxy$PlainMethodInvoker.invoke(MapperProxy.java:145)
        at org.apache.ibatis.binding.MapperProxy.invoke(MapperProxy.java:86)
        at com.sun.proxy.$Proxy49.addGoods(Unknown Source)
        at huaminglin.demo.distributed.db.repository.GoodsRepository.addGoods(GoodsRepository.java:16)
        at huaminglin.demo.distributed.db.repository.GoodsRepository$$FastClassBySpringCGLIB$$2615c39c.invoke(<generated>)
        at org.springframework.cglib.proxy.MethodProxy.invoke(MethodProxy.java:218)
        at org.springframework.aop.framework.CglibAopProxy$CglibMethodInvocation.invokeJoinpoint(CglibAopProxy.java:783)
        at org.springframework.aop.framework.ReflectiveMethodInvocation.proceed(ReflectiveMethodInvocation.java:163)
        at org.springframework.aop.framework.CglibAopProxy$CglibMethodInvocation.proceed(CglibAopProxy.java:753)
        at org.springframework.dao.support.PersistenceExceptionTranslationInterceptor.invoke(PersistenceExceptionTranslationInterceptor.java:137)
        at org.springframework.aop.framework.ReflectiveMethodInvocation.proceed(ReflectiveMethodInvocation.java:186)
        at org.springframework.aop.framework.CglibAopProxy$CglibMethodInvocation.proceed(CglibAopProxy.java:753)
        at org.springframework.aop.framework.CglibAopProxy$DynamicAdvisedInterceptor.intercept(CglibAopProxy.java:698)
        at huaminglin.demo.distributed.db.repository.GoodsRepository$$EnhancerBySpringCGLIB$$39c0f536.addGoods(<generated>)
        at huaminglin.demo.distributed.db.MasterSlaveApplication.addGoods(MasterSlaveApplication.java:26)
        at huaminglin.demo.distributed.db.MasterSlaveApplication.main(MasterSlaveApplication.java:33)
Caused by: org.apache.ibatis.exceptions.PersistenceException:
### Error updating database.  Cause: org.springframework.jdbc.CannotGetJdbcConnectionException: Failed to obtain JDBC Connection; nested exception is java.sql.SQLException: null,  message from server: "Host '172.19.0.1' is not allowed to connect to this MySQL server"
### The error may exist in huaminglin/demo/distributed/db/repository/master/GoodsMasterMapper.xml
### The error may involve huaminglin.demo.distributed.db.repository.master.GoodsMasterMapper.addGoods
### The error occurred while executing an update
### Cause: org.springframework.jdbc.CannotGetJdbcConnectionException: Failed to obtain JDBC Connection; nested exception is java.sql.SQLException: null,  message from server: "Host '172.19.0.1' is not allowed to connect to this MySQL server"
        at org.apache.ibatis.exceptions.ExceptionFactory.wrapException(ExceptionFactory.java:30)
        at org.apache.ibatis.session.defaults.DefaultSqlSession.update(DefaultSqlSession.java:196)
        at org.apache.ibatis.session.defaults.DefaultSqlSession.insert(DefaultSqlSession.java:181)
        at java.base/jdk.internal.reflect.NativeMethodAccessorImpl.invoke0(Native Method)
        at java.base/jdk.internal.reflect.NativeMethodAccessorImpl.invoke(NativeMethodAccessorImpl.java:62)
        at java.base/jdk.internal.reflect.DelegatingMethodAccessorImpl.invoke(DelegatingMethodAccessorImpl.java:43)
        at java.base/java.lang.reflect.Method.invoke(Method.java:566)
        at org.mybatis.spring.SqlSessionTemplate$SqlSessionInterceptor.invoke(SqlSessionTemplate.java:427)
        ... 19 more
Caused by: org.springframework.jdbc.CannotGetJdbcConnectionException: Failed to obtain JDBC Connection; nested exception is java.sql.SQLException: null,  message from server: "Host '172.19.0.1' is not allowed to connect to this MySQL server"
        at org.springframework.jdbc.datasource.DataSourceUtils.getConnection(DataSourceUtils.java:83)
        at org.mybatis.spring.transaction.SpringManagedTransaction.openConnection(SpringManagedTransaction.java:80)
        at org.mybatis.spring.transaction.SpringManagedTransaction.getConnection(SpringManagedTransaction.java:67)
        at org.apache.ibatis.executor.BaseExecutor.getConnection(BaseExecutor.java:337)
        at org.apache.ibatis.executor.SimpleExecutor.prepareStatement(SimpleExecutor.java:86)
        at org.apache.ibatis.executor.SimpleExecutor.doUpdate(SimpleExecutor.java:49)
        at org.apache.ibatis.executor.BaseExecutor.update(BaseExecutor.java:117)
        at org.apache.ibatis.executor.CachingExecutor.update(CachingExecutor.java:76)
        at org.apache.ibatis.session.defaults.DefaultSqlSession.update(DefaultSqlSession.java:194)
        ... 25 more
Caused by: java.sql.SQLException: null,  message from server: "Host '172.19.0.1' is not allowed to connect to this MySQL server"
        at com.mysql.cj.jdbc.exceptions.SQLError.createSQLException(SQLError.java:129)
        at com.mysql.cj.jdbc.exceptions.SQLError.createSQLException(SQLError.java:97)
        at com.mysql.cj.jdbc.exceptions.SQLExceptionsMapping.translateException(SQLExceptionsMapping.java:122)
        at com.mysql.cj.jdbc.ConnectionImpl.createNewIO(ConnectionImpl.java:835)
        at com.mysql.cj.jdbc.ConnectionImpl.<init>(ConnectionImpl.java:455)
        at com.mysql.cj.jdbc.ConnectionImpl.getInstance(ConnectionImpl.java:240)
        at com.mysql.cj.jdbc.NonRegisteringDriver.connect(NonRegisteringDriver.java:207)
        at com.zaxxer.hikari.util.DriverDataSource.getConnection(DriverDataSource.java:138)
        at com.zaxxer.hikari.pool.PoolBase.newConnection(PoolBase.java:364)
        at com.zaxxer.hikari.pool.PoolBase.newPoolEntry(PoolBase.java:206)
        at com.zaxxer.hikari.pool.HikariPool.createPoolEntry(HikariPool.java:476)
        at com.zaxxer.hikari.pool.HikariPool.checkFailFast(HikariPool.java:561)
        at com.zaxxer.hikari.pool.HikariPool.<init>(HikariPool.java:115)
        at com.zaxxer.hikari.HikariDataSource.getConnection(HikariDataSource.java:112)
        at org.springframework.jdbc.datasource.DataSourceUtils.fetchConnection(DataSourceUtils.java:159)
        at org.springframework.jdbc.datasource.DataSourceUtils.doGetConnection(DataSourceUtils.java:117)
        at org.springframework.jdbc.datasource.DataSourceUtils.getConnection(DataSourceUtils.java:80)
        ... 33 more
