[    0.000000] Initializing cgroup subsys cpuset
[    0.000000] Initializing cgroup subsys cpu
[    0.000000] Initializing cgroup subsys cpuacct
[    0.000000] Linux version 4.4.0-210-generic (buildd@lgw01-amd64-009) (gcc version 5.4.0 20160609 (Ubuntu 5.4.0-6ubuntu1~16.04.12) ) #242-Ubuntu SMP Fri Apr 16 09:57:56 UTC 2021 (Ubuntu 4.4.0-210.242-generic 4.4.262)
[    0.000000] Command line: BOOT_IMAGE=/boot/vmlinuz-4.4.0-210-generic root=LABEL=cloudimg-rootfs ro console=tty1 console=ttyS0
[    0.000000] KERNEL supported cpus:
[    0.000000]   Intel GenuineIntel
[    0.000000]   AMD AuthenticAMD
[    0.000000]   Centaur CentaurHauls
[    0.000000] x86/fpu: xstate_offset[2]:  576, xstate_sizes[2]:  256
[    0.000000] x86/fpu: Supporting XSAVE feature 0x01: 'x87 floating point registers'
[    0.000000] x86/fpu: Supporting XSAVE feature 0x02: 'SSE registers'
[    0.000000] x86/fpu: Supporting XSAVE feature 0x04: 'AVX registers'
[    0.000000] x86/fpu: Enabled xstate features 0x7, context size is 832 bytes, using 'standard' format.
[    0.000000] e820: BIOS-provided physical RAM map:
[    0.000000] BIOS-e820: [mem 0x0000000000000000-0x000000000009fbff] usable
[    0.000000] BIOS-e820: [mem 0x000000000009fc00-0x000000000009ffff] reserved
[    0.000000] BIOS-e820: [mem 0x00000000000f0000-0x00000000000fffff] reserved
[    0.000000] BIOS-e820: [mem 0x0000000000100000-0x000000003ffeffff] usable
[    0.000000] BIOS-e820: [mem 0x000000003fff0000-0x000000003fffffff] ACPI data
[    0.000000] BIOS-e820: [mem 0x00000000fec00000-0x00000000fec00fff] reserved
[    0.000000] BIOS-e820: [mem 0x00000000fee00000-0x00000000fee00fff] reserved
[    0.000000] BIOS-e820: [mem 0x00000000fffc0000-0x00000000ffffffff] reserved
[    0.000000] NX (Execute Disable) protection: active
[    0.000000] SMBIOS 2.5 present.
[    0.000000] Hypervisor detected: KVM
[    0.000000] e820: last_pfn = 0x3fff0 max_arch_pfn = 0x400000000
[    0.000000] MTRR: Disabled
[    0.000000] x86/PAT: MTRRs disabled, skipping PAT initialization too.
[    0.000000] CPU MTRRs all blank - virtualized system.
[    0.000000] x86/PAT: Configuration [0-7]: WB  WT  UC- UC  WB  WT  UC- UC  
[    0.000000] found SMP MP-table at [mem 0x0009fff0-0x0009ffff] mapped at [ffff88000009fff0]
[    0.000000] Scanning 1 areas for low memory corruption
[    0.000000] RAMDISK: [mem 0x362dc000-0x37165fff]
[    0.000000] ACPI: Early table checksum verification disabled
[    0.000000] ACPI: RSDP 0x00000000000E0000 000024 (v02 VBOX  )
[    0.000000] ACPI: XSDT 0x000000003FFF0030 00003C (v01 VBOX   VBOXXSDT 00000001 ASL  00000061)
[    0.000000] ACPI: FACP 0x000000003FFF00F0 0000F4 (v04 VBOX   VBOXFACP 00000001 ASL  00000061)
[    0.000000] ACPI: DSDT 0x000000003FFF0470 002325 (v02 VBOX   VBOXBIOS 00000002 INTL 20190509)
[    0.000000] ACPI: FACS 0x000000003FFF0200 000040
[    0.000000] ACPI: FACS 0x000000003FFF0200 000040
[    0.000000] ACPI: APIC 0x000000003FFF0240 00005C (v02 VBOX   VBOXAPIC 00000001 ASL  00000061)
[    0.000000] ACPI: SSDT 0x000000003FFF02A0 0001CC (v01 VBOX   VBOXCPUT 00000002 INTL 20190509)
[    0.000000] No NUMA configuration found
[    0.000000] Faking a node at [mem 0x0000000000000000-0x000000003ffeffff]
[    0.000000] NODE_DATA(0) allocated [mem 0x3ffeb000-0x3ffeffff]
[    0.000000] kvm-clock: Using msrs 4b564d01 and 4b564d00
[    0.000000] kvm-clock: cpu 0, msr 0:3ffe3001, primary cpu clock
[    0.000000] kvm-clock: using sched offset of 3677056720 cycles
[    0.000000] clocksource: kvm-clock: mask: 0xffffffffffffffff max_cycles: 0x1cd42e4dffb, max_idle_ns: 881590591483 ns
[    0.000000] Zone ranges:
[    0.000000]   DMA      [mem 0x0000000000001000-0x0000000000ffffff]
[    0.000000]   DMA32    [mem 0x0000000001000000-0x000000003ffeffff]
[    0.000000]   Normal   empty
[    0.000000]   Device   empty
[    0.000000] Movable zone start for each node
[    0.000000] Early memory node ranges
[    0.000000]   node   0: [mem 0x0000000000001000-0x000000000009efff]
[    0.000000]   node   0: [mem 0x0000000000100000-0x000000003ffeffff]
[    0.000000] Initmem setup node 0 [mem 0x0000000000001000-0x000000003ffeffff]
[    0.000000] ACPI: PM-Timer IO Port: 0x4008
[    0.000000] IOAPIC[0]: apic_id 2, version 32, address 0xfec00000, GSI 0-23
[    0.000000] ACPI: INT_SRC_OVR (bus 0 bus_irq 0 global_irq 2 dfl dfl)
[    0.000000] ACPI: INT_SRC_OVR (bus 0 bus_irq 9 global_irq 9 low level)
[    0.000000] Using ACPI (MADT) for SMP configuration information
[    0.000000] smpboot: Allowing 2 CPUs, 0 hotplug CPUs
[    0.000000] PM: Registered nosave memory: [mem 0x00000000-0x00000fff]
[    0.000000] PM: Registered nosave memory: [mem 0x0009f000-0x0009ffff]
[    0.000000] PM: Registered nosave memory: [mem 0x000a0000-0x000effff]
[    0.000000] PM: Registered nosave memory: [mem 0x000f0000-0x000fffff]
[    0.000000] e820: [mem 0x40000000-0xfebfffff] available for PCI devices
[    0.000000] Booting paravirtualized kernel on KVM
[    0.000000] clocksource: refined-jiffies: mask: 0xffffffff max_cycles: 0xffffffff, max_idle_ns: 7645519600211568 ns
[    0.000000] setup_percpu: NR_CPUS:512 nr_cpumask_bits:512 nr_cpu_ids:2 nr_node_ids:1
[    0.000000] PERCPU: Embedded 33 pages/cpu @ffff88003fc00000 s95192 r8192 d31784 u1048576
[    0.000000] Built 1 zonelists in Node order, mobility grouping on.  Total pages: 257912
[    0.000000] Policy zone: DMA32
[    0.000000] Kernel command line: BOOT_IMAGE=/boot/vmlinuz-4.4.0-210-generic root=LABEL=cloudimg-rootfs ro console=tty1 console=ttyS0
[    0.000000] PID hash table entries: 4096 (order: 3, 32768 bytes)
[    0.000000] Memory: 997792K/1048120K available (8644K kernel code, 1332K rwdata, 4044K rodata, 1492K init, 1164K bss, 50328K reserved, 0K cma-reserved)
[    0.000000] SLUB: HWalign=64, Order=0-3, MinObjects=0, CPUs=2, Nodes=1
[    0.000000] Kernel/User page tables isolation: enabled
[    0.000000] Hierarchical RCU implementation.
[    0.000000] 	Build-time adjustment of leaf fanout to 64.
[    0.000000] 	RCU restricting CPUs from NR_CPUS=512 to nr_cpu_ids=2.
[    0.000000] RCU: Adjusting geometry for rcu_fanout_leaf=64, nr_cpu_ids=2
[    0.000000] NR_IRQS:33024 nr_irqs:440 16
[    0.000000] Console: colour VGA+ 80x25
[    0.000000] console [tty1] enabled
[    0.000000] console [ttyS0] enabled
[    0.000000] tsc: Detected 3999.996 MHz processor
[    0.088644] Calibrating delay loop (skipped) preset value.. 7999.99 BogoMIPS (lpj=15999984)
[    0.089767] pid_max: default: 32768 minimum: 301
[    0.090368] ACPI: Core revision 20150930
[    0.091477] ACPI: 2 ACPI AML tables successfully acquired and loaded
[    0.092395] Security Framework initialized
[    0.092939] Yama: becoming mindful.
[    0.093429] AppArmor: AppArmor initialized
[    0.094025] Dentry cache hash table entries: 131072 (order: 8, 1048576 bytes)
[    0.095357] Inode-cache hash table entries: 65536 (order: 7, 524288 bytes)
[    0.096190] Mount-cache hash table entries: 2048 (order: 2, 16384 bytes)
[    0.097077] Mountpoint-cache hash table entries: 2048 (order: 2, 16384 bytes)
[    0.098006] Initializing cgroup subsys io
[    0.098592] Initializing cgroup subsys memory
[    0.099161] Initializing cgroup subsys devices
[    0.099739] Initializing cgroup subsys freezer
[    0.100329] Initializing cgroup subsys net_cls
[    0.100909] Initializing cgroup subsys perf_event
[    0.101506] Initializing cgroup subsys net_prio
[    0.102090] Initializing cgroup subsys hugetlb
[    0.102674] Initializing cgroup subsys pids
[    0.108434] mce: CPU supports 0 MCE banks
[    0.108997] Last level iTLB entries: 4KB 1024, 2MB 1024, 4MB 1024
[    0.109730] Last level dTLB entries: 4KB 1024, 2MB 1024, 4MB 1024, 1GB 4
[    0.110552] Spectre V1 : Mitigation: usercopy/swapgs barriers and __user pointer sanitization
[    0.111598] Spectre V2 : Mitigation: Full generic retpoline
[    0.112285] Spectre V2 : Spectre v2 / SpectreRSB mitigation: Filling RSB on context switch
[    0.113381] Speculative Store Bypass: Vulnerable
[    0.114016] SRBDS: Unknown: Dependent on hypervisor status
[    0.114742] MDS: Mitigation: Clear CPU buffers
[    0.117086] Freeing SMP alternatives memory: 36K
[    0.121585] ftrace: allocating 32380 entries in 127 pages
[    0.160610] smpboot: APIC(0) Converting physical 0 to logical package 0
[    0.161472] smpboot: Max logical packages: 1
[    0.162234] x2apic enabled
[    0.162798] Switched APIC routing to physical x2apic.
[    0.164181] ..TIMER: vector=0x30 apic1=0 pin1=2 apic2=-1 pin2=-1
[    0.272967] smpboot: CPU0: Intel(R) Core(TM) i7-4790K CPU @ 4.00GHz (family: 0x6, model: 0x3c, stepping: 0x3)
[    0.274401] Performance Events: unsupported p6 CPU model 60 no PMU driver, software events only.
[    0.283113] KVM setup paravirtual spinlock
[    0.284184] x86: Booting SMP configuration:
[    0.284751] .... node  #0, CPUs:      #1
[    0.285407] kvm-clock: cpu 1, msr 0:3ffe3041, secondary cpu clock
[    0.291211] mce: CPU supports 0 MCE banks
[    0.293581] x86: Booted up 1 node, 2 CPUs
[    0.294323] smpboot: Total of 2 processors activated (15999.98 BogoMIPS)
[    0.295357] devtmpfs: initialized
[    0.296732] evm: security.selinux
[    0.297250] evm: security.SMACK64
[    0.297803] evm: security.SMACK64EXEC
[    0.298324] evm: security.SMACK64TRANSMUTE
[    0.298862] evm: security.SMACK64MMAP
[    0.299364] evm: security.ima
[    0.299801] evm: security.capability
[    0.300405] clocksource: jiffies: mask: 0xffffffff max_cycles: 0xffffffff, max_idle_ns: 7645041785100000 ns
[    0.301648] futex hash table entries: 512 (order: 3, 32768 bytes)
[    0.302565] pinctrl core: initialized pinctrl subsystem
[    0.303304] RTC time: 10:01:41, date: 11/29/21
[    0.304062] NET: Registered protocol family 16
[    0.313137] cpuidle: using governor ladder
[    0.325535] cpuidle: using governor menu
[    0.327964] PCCT header not found.
[    0.330322] ACPI: bus type PCI registered
[    0.332636] acpiphp: ACPI Hot Plug PCI Controller Driver version: 0.5
[    0.335440] PCI: Using configuration type 1 for base access
[    0.350248] ACPI: Added _OSI(Module Device)
[    0.351197] ACPI: Added _OSI(Processor Device)
[    0.352135] ACPI: Added _OSI(3.0 _SCP Extensions)
[    0.353109] ACPI: Added _OSI(Processor Aggregator Device)
[    0.355205] ACPI: Executed 1 blocks of module-level executable AML code
[    0.359934] ACPI: Interpreter enabled
[    0.360989] ACPI: (supports S0 S5)
[    0.362016] ACPI: Using IOAPIC for interrupt routing
[    0.362769] PCI: Using host bridge windows from ACPI; if necessary, use "pci=nocrs" and report a bug
[    0.366224] ACPI: PCI Root Bridge [PCI0] (domain 0000 [bus 00-ff])
[    0.367085] acpi PNP0A03:00: _OSC: OS supports [ASPM ClockPM Segments MSI]
[    0.368268] acpi PNP0A03:00: _OSC: not requesting OS control; OS requires [ExtendedConfig ASPM ClockPM MSI]
[    0.369468] acpi PNP0A03:00: fail to add MMCONFIG information, can't access extended PCI configuration space under this bridge.
[    0.371114] PCI host bridge to bus 0000:00
[    0.371669] pci_bus 0000:00: root bus resource [io  0x0000-0x0cf7 window]
[    0.372457] pci_bus 0000:00: root bus resource [io  0x0d00-0xffff window]
[    0.373263] pci_bus 0000:00: root bus resource [mem 0x000a0000-0x000bffff window]
[    0.374396] pci_bus 0000:00: root bus resource [mem 0x40000000-0xfdffffff window]
[    0.375373] pci_bus 0000:00: root bus resource [bus 00-ff]
[    0.377039] pci 0000:00:01.1: legacy IDE quirk: reg 0x10: [io  0x01f0-0x01f7]
[    0.377907] pci 0000:00:01.1: legacy IDE quirk: reg 0x14: [io  0x03f6]
[    0.378802] pci 0000:00:01.1: legacy IDE quirk: reg 0x18: [io  0x0170-0x0177]
[    0.385650] pci 0000:00:01.1: legacy IDE quirk: reg 0x1c: [io  0x0376]
[    0.399250] pci 0000:00:07.0: quirk: [io  0x4000-0x403f] claimed by PIIX4 ACPI
[    0.401263] pci 0000:00:07.0: quirk: [io  0x4100-0x410f] claimed by PIIX4 SMB
[    0.407566] ACPI: PCI Interrupt Link [LNKA] (IRQs 5 9 10 *11)
[    0.408827] ACPI: PCI Interrupt Link [LNKB] (IRQs 5 9 *10 11)
[    0.409873] ACPI: PCI Interrupt Link [LNKC] (IRQs 5 *9 10 11)
[    0.411001] ACPI: PCI Interrupt Link [LNKD] (IRQs 5 9 10 *11)
[    0.412093] ACPI: Enabled 2 GPEs in block 00 to 07
[    0.413030] vgaarb: setting as boot device: PCI:0000:00:02.0
[    0.413788] vgaarb: device added: PCI:0000:00:02.0,decodes=io+mem,owns=io+mem,locks=none
[    0.414941] vgaarb: loaded
[    0.415383] vgaarb: bridge control possible 0000:00:02.0
[    0.416259] SCSI subsystem initialized
[    0.416915] ACPI: bus type USB registered
[    0.417520] usbcore: registered new interface driver usbfs
[    0.418306] usbcore: registered new interface driver hub
[    0.419019] usbcore: registered new device driver usb
[    0.420245] PCI: Using ACPI for IRQ routing
[    0.421047] NetLabel: Initializing
[    0.421597] NetLabel:  domain hash size = 128
[    0.422225] NetLabel:  protocols = UNLABELED CIPSOv4
[    0.422892] NetLabel:  unlabeled traffic allowed by default
[    0.423709] amd_nb: Cannot enumerate AMD northbridges
[    0.424413] clocksource: Switched to clocksource kvm-clock
[    0.429553] AppArmor: AppArmor Filesystem Enabled
[    0.430810] pnp: PnP ACPI init
[    0.433456] pnp: PnP ACPI: found 3 devices
[    0.441407] clocksource: acpi_pm: mask: 0xffffff max_cycles: 0xffffff, max_idle_ns: 2085701024 ns
[    0.442571] NET: Registered protocol family 2
[    0.443283] TCP established hash table entries: 8192 (order: 4, 65536 bytes)
[    0.444116] TCP bind hash table entries: 8192 (order: 5, 131072 bytes)
[    0.444938] TCP: Hash tables configured (established 8192 bind 8192)
[    0.445708] UDP hash table entries: 512 (order: 2, 16384 bytes)
[    0.446483] UDP-Lite hash table entries: 512 (order: 2, 16384 bytes)
[    0.447317] NET: Registered protocol family 1
[    0.447922] pci 0000:00:00.0: Limiting direct PCI/PCI transfers
[    0.448690] pci 0000:00:01.0: Activating ISA DMA hang workarounds
[    0.449539] Unpacking initramfs...
[    0.586697] Freeing initrd memory: 14888K
[    0.587489] RAPL PMU detected, API unit is 2^-32 Joules, 4 fixed counters 10737418240 ms ovfl timer
[    0.588622] hw unit of domain pp0-core 2^-0 Joules
[    0.589276] hw unit of domain package 2^-0 Joules
[    0.589891] hw unit of domain dram 2^-0 Joules
[    0.590733] hw unit of domain pp1-gpu 2^-0 Joules
[    0.591627] clocksource: tsc: mask: 0xffffffffffffffff max_cycles: 0x7350b459580, max_idle_ns: 881591204237 ns
[    0.593552] platform rtc_cmos: registered platform RTC device (no PNP device found)
[    0.594741] Scanning for low memory corruption every 60 seconds
[    0.595708] audit: initializing netlink subsys (disabled)
[    0.596407] audit: type=2000 audit(1638180107.711:1): initialized
[    0.597384] Initialise system trusted keyring
[    0.598125] HugeTLB registered 2 MB page size, pre-allocated 0 pages
[    0.599798] zbud: loaded
[    0.600441] VFS: Disk quotas dquot_6.6.0
[    0.601031] VFS: Dquot-cache hash table entries: 512 (order 0, 4096 bytes)
[    0.602008] squashfs: version 4.0 (2009/01/31) Phillip Lougher
[    0.602921] fuse init (API version 7.23)
[    0.603551] Key type big_key registered
[    0.604102] Allocating IMA MOK and blacklist keyrings.
[    0.605432] Key type asymmetric registered
[    0.605977] Asymmetric key parser 'x509' registered
[    0.606636] Block layer SCSI generic (bsg) driver version 0.4 loaded (major 249)
[    0.607658] io scheduler noop registered
[    0.608206] io scheduler deadline registered (default)
[    0.608908] io scheduler cfq registered
[    0.609496] pci_hotplug: PCI Hot Plug PCI Core version: 0.5
[    0.610220] pciehp: PCI Express Hot Plug Controller Driver version: 0.4
[    0.611114] ACPI: AC Adapter [AC] (on-line)
[    0.611714] input: Power Button as /devices/LNXSYSTM:00/LNXPWRBN:00/input/input0
[    0.612696] ACPI: Power Button [PWRF]
[    0.613312] input: Sleep Button as /devices/LNXSYSTM:00/LNXSLPBN:00/input/input1
[    0.614293] ACPI: Sleep Button [SLPF]
[    0.614925] GHES: HEST is not enabled!
[    0.615533] Serial: 8250/16550 driver, 32 ports, IRQ sharing enabled
[    0.636641] 00:02: ttyS0 at I/O 0x3f8 (irq = 4, base_baud = 115200) is a 16550A
[    0.638663] Linux agpgart interface v0.103
[    0.641322] loop: module loaded
[    0.642508] scsi host0: ata_piix
[    0.643112] scsi host1: ata_piix
[    0.643645] ata1: PATA max UDMA/33 cmd 0x1f0 ctl 0x3f6 bmdma 0xd000 irq 14
[    0.644479] ata2: PATA max UDMA/33 cmd 0x170 ctl 0x376 bmdma 0xd008 irq 15
[    0.645564] libphy: Fixed MDIO Bus: probed
[    0.646168] tun: Universal TUN/TAP device driver, 1.6
[    0.646855] tun: (C) 1999-2004 Max Krasnyansky <maxk@qualcomm.com>
[    0.647684] PPP generic driver version 2.4.2
[    0.648329] ehci_hcd: USB 2.0 'Enhanced' Host Controller (EHCI) Driver
[    0.649219] ehci-pci: EHCI PCI platform driver
[    0.649827] ehci-platform: EHCI generic platform driver
[    0.650563] ohci_hcd: USB 1.1 'Open' Host Controller (OHCI) Driver
[    0.651571] ohci-pci: OHCI PCI platform driver
[    0.652333] ohci-platform: OHCI generic platform driver
[    0.653223] uhci_hcd: USB Universal Host Controller Interface driver
[    0.654257] i8042: PNP: PS/2 Controller [PNP0303:PS2K,PNP0f03:PS2M] at 0x60,0x64 irq 1,12
[    0.656085] serio: i8042 KBD port at 0x60,0x64 irq 1
[    0.656907] serio: i8042 AUX port at 0x60,0x64 irq 12
[    0.657807] mousedev: PS/2 mouse device common for all mice
[    0.658944] input: AT Translated Set 2 keyboard as /devices/platform/i8042/serio0/input/input2
[    0.660209] rtc_cmos rtc_cmos: rtc core: registered rtc_cmos as rtc0
[    0.661308] rtc_cmos rtc_cmos: alarms up to one day, 114 bytes nvram
[    0.662146] i2c /dev entries driver
[    0.662744] device-mapper: uevent: version 1.0.3
[    0.663468] device-mapper: ioctl: 4.34.0-ioctl (2015-10-28) initialised: dm-devel@redhat.com
[    0.664719] ledtrig-cpu: registered to indicate activity on CPUs
[    0.665865] NET: Registered protocol family 10
[    0.666723] NET: Registered protocol family 17
[    0.667463] Key type dns_resolver registered
[    0.668319] registered taskstats version 1
[    0.668976] Loading compiled-in X.509 certificates
[    0.670188] Loaded X.509 cert 'Build time autogenerated kernel key: cf00e047681d67edb2720680708b7d9498083038'
[    0.672715] zswap: loaded using pool lzo/zbud
[    0.675225] Key type trusted registered
[    0.677860] Key type encrypted registered
[    0.678447] AppArmor: AppArmor sha1 policy hashing enabled
[    0.679161] ima: No TPM chip found, activating TPM-bypass!
[    0.679891] ima: Allocated hash algorithm: sha1
[    0.680546] evm: HMAC attrs: 0x1
[    0.681408]   Magic number: 13:232:23
[    0.682130] rtc_cmos rtc_cmos: setting system clock to 2021-11-29 10:01:42 UTC (1638180102)
[    0.684334] BIOS EDD facility v0.16 2004-Jun-25, 0 devices found
[    0.685374] EDD information not available.
[    0.825632] Freeing unused kernel memory: 1492K
[    0.826357] Write protecting the kernel read-only data: 14336k
[    0.827389] Freeing unused kernel memory: 1584K
[    0.828127] Freeing unused kernel memory: 52K
Loading, please wait...
starting version 229
[    0.842293] random: systemd-udevd: uninitialized urandom read (16 bytes read, 1 bits of entropy available)
[    0.842775] random: udevadm: uninitialized urandom read (16 bytes read, 1 bits of entropy available)
[    0.842801] random: udevadm: uninitialized urandom read (16 bytes read, 1 bits of entropy available)
[    0.848431] random: systemd-udevd: uninitialized urandom read (16 bytes read, 1 bits of entropy available)
[    0.850394] random: udevadm: uninitialized urandom read (16 bytes read, 1 bits of entropy available)
[    0.850428] random: udevadm: uninitialized urandom read (16 bytes read, 1 bits of entropy available)
[    0.850533] random: udevadm: uninitialized urandom read (16 bytes read, 1 bits of entropy available)
[    0.850573] random: udevadm: uninitialized urandom read (16 bytes read, 1 bits of entropy available)
[    0.850612] random: udevadm: uninitialized urandom read (16 bytes read, 1 bits of entropy available)
[    0.850651] random: udevadm: uninitialized urandom read (16 bytes read, 1 bits of entropy available)
[    0.882500] e1000: Intel(R) PRO/1000 Network Driver - version 7.3.21-k8-NAPI
[    0.883602] e1000: Copyright (c) 1999-2006 Intel Corporation.
[    0.884655] Fusion MPT base driver 3.04.20
[    0.885331] Copyright (c) 1999-2008 LSI Corporation
[    0.899322] Fusion MPT SPI Host driver 3.04.20
[    0.902754] AVX2 version of gcm_enc/dec engaged.
[    0.903417] AES CTR mode by8 optimization enabled
[    1.090132] input: ImExPS/2 Generic Explorer Mouse as /devices/platform/i8042/serio1/input/input4
[    1.207782] e1000 0000:00:03.0 eth0: (PCI:33MHz:32-bit) 02:be:82:6b:cc:1d
[    1.208736] e1000 0000:00:03.0 eth0: Intel(R) PRO/1000 Network Connection
[    1.210089] mptbase: ioc0: Initiating bringup
[    1.210196] e1000 0000:00:03.0 enp0s3: renamed from eth0
[    1.603060] ioc0: LSI53C1030 A0: Capabilities={Initiator}
[    6.313636] scsi host2: ioc0: LSI53C1030 A0, FwRev=00000000h, Ports=1, MaxQ=256, IRQ=20
[    9.130164] scsi 2:0:0:0: Direct-Access     VBOX     HARDDISK         1.0  PQ: 0 ANSI: 5
[    9.133006] scsi target2:0:0: Beginning Domain Validation
[    9.136908] scsi target2:0:0: Domain Validation skipping write tests
[    9.138365] scsi target2:0:0: Ending Domain Validation
[    9.139239] scsi target2:0:0: asynchronous
[    9.148111] scsi 2:0:1:0: Direct-Access     VBOX     HARDDISK         1.0  PQ: 0 ANSI: 5
[    9.149363] scsi target2:0:1: Beginning Domain Validation
[    9.150970] scsi target2:0:1: Domain Validation skipping write tests
[    9.151836] scsi target2:0:1: Ending Domain Validation
[    9.152609] scsi target2:0:1: asynchronous
[    9.156365] sd 2:0:0:0: Attached scsi generic sg0 type 0
[    9.157182] sd 2:0:0:0: [sda] 83886080 512-byte logical blocks: (42.9 GB/40.0 GiB)
[    9.158492] sd 2:0:1:0: [sdb] 20480 512-byte logical blocks: (10.5 MB/10.0 MiB)
[    9.158588] sd 2:0:1:0: Attached scsi generic sg1 type 0
[    9.160363] sd 2:0:0:0: [sda] Write Protect is off
[    9.160496] sd 2:0:1:0: [sdb] Write Protect is off
[    9.160560] sd 2:0:1:0: [sdb] Incomplete mode parameter data
[    9.160561] sd 2:0:1:0: [sdb] Assuming drive cache: write through
[    9.163564] sd 2:0:0:0: [sda] Incomplete mode parameter data
[    9.164480] sd 2:0:0:0: [sda] Assuming drive cache: write through
[    9.169648]  sda: sda1
[    9.170372] sd 2:0:1:0: [sdb] Attached SCSI disk
[    9.171605] sd 2:0:0:0: [sda] Attached SCSI disk
Begin: Loading essential drivers ... [   10.413364] md: linear personality registered for level -1
[   10.415960] md: multipath personality registered for level -4
[   10.418533] md: raid0 personality registered for level 0
[   10.422699] md: raid1 personality registered for level 1
[   10.492813] raid6: sse2x1   gen() 13556 MB/s
[   10.569709] raid6: sse2x1   xor() 12317 MB/s
[   10.636477] raid6: sse2x2   gen() 17403 MB/s
[   10.709712] raid6: sse2x2   xor() 11674 MB/s
[   10.777144] raid6: sse2x4   gen() 20220 MB/s
[   10.844660] raid6: sse2x4   xor() 14083 MB/s
[   10.913722] raid6: avx2x1   gen() 27209 MB/s
[   10.980750] raid6: avx2x2   gen() 30583 MB/s
[   11.048520] raid6: avx2x4   gen() 34968 MB/s
[   11.049124] raid6: using algorithm avx2x4 gen() 34968 MB/s
[   11.049834] raid6: using avx2x2 recovery algorithm
[   11.051205] xor: automatically using best checksumming function:
[   11.088453]    avx       : 36312.000 MB/sec
[   11.090041] async_tx: api initialized (async)
[   11.096051] md: raid6 personality registered for level 6
[   11.096787] md: raid5 personality registered for level 5
[   11.097473] md: raid4 personality registered for level 4
[   11.102277] md: raid10 personality registered for level 10
done.
Begin: Running /scripts/init-premount ... done.
Begin: Mounting root file system ... Begin: Running /scripts/local-top ... done.
Begin: Running /scripts/local-premount ... [   11.127631] Btrfs loaded
Scanning for Btrfs filesystems
done.
Warning: fsck not present, so skipping root file system
[   11.156719] EXT4-fs (sda1): mounted filesystem with ordered data mode. Opts: (null)
done.
Begin: Running /scripts/local-bottom ... done.
Begin: Running /scripts/init-bottom ... done.
[   11.281882] systemd[1]: systemd 229 running in system mode. (+PAM +AUDIT +SELINUX +IMA +APPARMOR +SMACK +SYSVINIT +UTMP +LIBCRYPTSETUP +GCRYPT +GNUTLS +ACL +XZ -LZ4 +SECCOMP +BLKID +ELFUTILS +KMOD -IDN)
[   11.285281] systemd[1]: Detected virtualization oracle.
[   11.286843] systemd[1]: Detected architecture x86-64.

Welcome to [1mUbuntu 16.04.7 LTS[0m!

[   11.290737] systemd[1]: Set hostname to <ubuntu>.
[   11.293265] systemd[1]: Initializing machine ID from random generator.
[   11.294136] systemd[1]: Installed transient /etc/machine-id file.
[   11.415231] systemd[1]: Listening on udev Kernel Socket.
[[0;32m  OK  [0m] Listening on udev Kernel Socket.
[   11.417553] systemd[1]: Listening on /dev/initctl Compatibility Named Pipe.
[[0;32m  OK  [0m] Listening on /dev/initctl Compatibility Named Pipe.
[   11.420399] systemd[1]: Listening on LVM2 metadata daemon socket.
[[0;32m  OK  [0m] Listening on LVM2 metadata daemon socket.
[   11.423179] systemd[1]: Listening on Syslog Socket.
[[0;32m  OK  [0m] Listening on Syslog Socket.
[   11.424973] systemd[1]: Reached target Swap.
[[0;32m  OK  [0m] Reached target Swap.
[   11.426794] systemd[1]: Listening on Journal Audit Socket.
[[0;32m  OK  [0m] Listening on Journal Audit Socket.
[   11.428822] systemd[1]: Listening on Journal Socket.
[[0;32m  OK  [0m] Listening on Journal Socket.
[   11.430663] systemd[1]: Listening on Journal Socket (/dev/log).
[[0;32m  OK  [0m] Listening on Journal Socket (/dev/log).
[   11.432687] systemd[1]: Listening on LVM2 poll daemon socket.
[[0;32m  OK  [0m] Listening on LVM2 poll daemon socket.
[   11.440556] systemd[1]: Listening on Device-mapper event daemon FIFOs.
[[0;32m  OK  [0m] Listening on Device-mapper event daemon FIFOs.
[   11.442996] systemd[1]: Listening on fsck to fsckd communication Socket.
[[0;32m  OK  [0m] Listening on fsck to fsckd communication Socket.
[   11.445882] systemd[1]: Created slice System Slice.
[[0;32m  OK  [0m] Created slice System Slice.
[   11.460652] systemd[1]: Mounting Huge Pages File System...
         Mounting Huge Pages File System...
[   11.465851] systemd[1]: Starting Monitoring of LVM2 mirrors, snapshots etc. using dmeventd or progress polling...
         Starting Monitoring of LVM2 mirrors... dmeventd or progress polling...
[   11.470513] systemd[1]: Mounting POSIX Message Queue File System...
         Mounting POSIX Message Queue File System...
[   11.473423] systemd[1]: Starting Create list of required static device nodes for the current kernel...
         Starting Create list of required st... nodes for the current kernel...
[   11.476591] systemd[1]: Created slice system-serial\x2dgetty.slice.
[[0;32m  OK  [0m] Created slice system-serial\x2dgetty.slice.
[   11.478973] systemd[1]: Started Trigger resolvconf update for networkd DNS.
[[0;32m  OK  [0m] Started Trigger resolvconf update for networkd DNS.
[   11.480975] systemd[1]: Reached target Encrypted Volumes.
[[0;32m  OK  [0m] Reached target Encrypted Volumes.
[   11.483428] systemd[1]: Starting Nameserver information manager...
         Starting Nameserver information manager...
[   11.486221] systemd[1]: Starting File System Check on Root Device...
         Starting File System Check on Root Device...
[   11.488567] systemd[1]: Starting Uncomplicated firewall...
         Starting Uncomplicated firewall...
[   11.490574] systemd[1]: Listening on udev Control Socket.
[[0;32m  OK  [0m] Listening on udev Control Socket.
[   11.492170] systemd[1]: Set up automount Arbitrary Executable File Formats File System Automount Point.
[[0;32m  OK  [0m] Set up automount Arbitrary Executab...ats File System Automount Point.
[   11.496011] systemd[1]: Reached target User and Group Name Lookups.
[[0;32m  OK  [0m] Reached target User and Group Name Lookups.
[   11.499407] systemd[1]: Starting Load Kernel Modules...
         Starting Load Kernel Modules...
[   11.501379] systemd[1]: Mounting Debug File System...
         Mounting Debug File System...
[   11.503322] systemd[1]: Starting Set console keymap...
         Starting Set console keymap...
[   11.504736] systemd[1]: Reached target System Time Synchronized.
[[0;32m  OK  [0m] Reached target System Time Synchronized.
[   11.507317] systemd[1]: Starting Journal Service...
         Starting Journal Service...
[   11.508750] systemd[1]: Started Forward Password Requests to Wall Directory Watch.
[[0;32m  OK  [0m] Started Forward Password Requests to Wall Directory Watch.
[   11.511212] systemd[1]: Created slice User and Session Slice.
[[0;32m  OK  [0m] Created slice User and Session Slice.
[   11.512971] systemd[1]: Reached target Slices.
[   11.513750] Loading iSCSI transport class v2.0-870.
[[0;32m  OK  [0m] Reached target Slices.
[   11.516011] systemd[1]: Mounted Huge Pages File System.
[[0;32m  OK  [0m] Mounted Huge Pages File System.
[   11.517196] systemd[1]: Mounted POSIX Message Queue File System.
[[0;32m  OK  [0m] Mounted POSIX Message Queue File System.
[   11.518707] systemd[1]: Mounted Debug File System.
[[0;32m  OK  [0m] Mounted Debug File System.
[   11.520086] systemd[1]: Started Create list of required static device nodes for the current kernel.
[[0;32m  OK  [0m] Started Create list of required sta...ce nodes for the current kernel.
[   11.523533] systemd[1]: Started File System Check on Root Device.
[[0;32m  OK  [0m] Started File System Check on Root Device.
[   11.525434] systemd[1]: Started Uncomplicated firewall.
[[0;32m  OK  [0m] Started Uncomplicated firewall.
[   11.528744] systemd[1]: Started Nameserver information manager.
[[0;32m  OK  [0m] Started Nameserver information manager.
[   11.531342] iscsi: registered transport (tcp)
[   11.534426] systemd[1]: Started LVM2 metadata daemon.
[[0;32m  OK  [0m] Started LVM2 metadata daemon.
[   11.536309] systemd[1]: Started File System Check Daemon to report status.
[[0;32m  OK  [0m] Started File System Check Daemon to report status.
[   11.539154] systemd[1]: Starting Remount Root and Kernel File Systems...
         Starting Remount Root and Kernel File Systems...
[   11.541324] systemd[1]: Starting Create Static Device Nodes in /dev...
         Starting Create Static Device Nodes in /dev...
[   11.544272] EXT4-fs (sda1): re-mounted. Opts: (null)
[   11.546044] systemd[1]: Started Remount Root and Kernel File Systems.
[[0;32m  OK  [0m] Started Remount Root and Kernel File Systems.
[   11.549999] systemd[1]: Starting udev Coldplug all Devices...
         Starting udev Coldplug all Devices...
[   11.551799] systemd[1]: Starting Load/Save Random Seed...
         Starting Load/Save Random Seed...
[   11.553555] systemd[1]: Started Journal Service.
[[0;32m  OK  [0m] Started Journal Service.
         Starting Flush Journal to Persistent Storage...
[[0;32m  OK  [0m] Started Load/Save Random Seed.
[   11.563144] systemd-journald[403]: Received request to flush runtime journal from PID 1
[[0;32m  OK  [0m] Started Flush Journal to Persistent Storage.
[[0;32m  OK  [0m] Started Create Static Device Nodes in /dev.
         Starting udev Kernel Device Manager...
[   11.590031] iscsi: registered transport (iser)
[[0;32m  OK  [0m] Started udev Kernel Device Manager.
[[0;32m  OK  [0m] Started Load Kernel Modules.
         Starting Apply Kernel Variables...
         Mounting FUSE Control File System...
[[0;32m  OK  [0m] Started Set console keymap.
[[0;32m  OK  [0m] Started udev Coldplug all Devices.
[[0;32m  OK  [0m] Started Apply Kernel Variables.
[[0;32m  OK  [0m] Mounted FUSE Control File System.
[[0;32m  OK  [0m] Started Dispatch Password Requests to Console Directory Watch.
[[0;32m  OK  [0m] Found device /dev/ttyS0.
[[0;32m  OK  [0m] Listening on Load/Save RF Kill Switch Status /dev/rfkill Watch.
[[0;32m  OK  [0m] Started Monitoring of LVM2 mirrors,...ng dmeventd or progress polling.
[[0;32m  OK  [0m] Reached target Local File Systems (Pre).
[[0;32m  OK  [0m] Reached target Local File Systems.
         Starting Commit a transient machine-id on disk...
         Starting Initial cloud-init job (pre-networking)...
         Starting LSB: AppArmor initialization...
         Starting Tell Plymouth To Write Out Runtime Data...
         Starting Create Volatile Files and Directories...
         Starting Set console font and keymap...
[[0;32m  OK  [0m] Started Create Volatile Files and Directories.
[[0;32m  OK  [0m] Started Commit a transient machine-id on disk.
[[0;32m  OK  [0m] Started Tell Plymouth To Write Out Runtime Data.
         Starting Update UTMP about System Boot/Shutdown...
[[0;32m  OK  [0m] Started Update UTMP about System Boot/Shutdown.
[[0;32m  OK  [0m] Started LSB: AppArmor initialization.
         Starting Load AppArmor profiles managed internally by snapd...
[[0;32m  OK  [0m] Started Load AppArmor profiles managed internally by snapd.
[   12.435116] cloud-init[546]: Cloud-init v. 21.1-19-gbad84ad4-0ubuntu1~16.04.2 running 'init-local' at Mon, 29 Nov 2021 10:01:54 +0000. Up 12.14 seconds.
[[0;32m  OK  [0m] Started Initial cloud-init job (pre-networking).
[[0;32m  OK  [0m] Reached target Network (Pre).
         Starting Raise network interfaces...
[[0;32m  OK  [0m] Started Set console font and keymap.
[[0;32m  OK  [0m] Created slice system-getty.slice.
[[0;32m  OK  [0m] Started Raise network interfaces.
         Starting Initial cloud-init job (metadata service crawler)...
[[0;32m  OK  [0m] Reached target Network.
[   13.278413] cloud-init[954]: Cloud-init v. 21.1-19-gbad84ad4-0ubuntu1~16.04.2 running 'init' at Mon, 29 Nov 2021 10:01:54 +0000. Up 12.85 seconds.
[   13.280251] cloud-init[954]: ci-info: ++++++++++++++++++++++++++++++++++++++Net device info++++++++++++++++++++++++++++++++++++++
[   13.281633] cloud-init[954]: ci-info: +--------+------+----------------------------+---------------+--------+-------------------+
[   13.282904] cloud-init[954]: ci-info: | Device |  Up  |          Address           |      Mask     | Scope  |     Hw-Address    |
[   13.284320] cloud-init[954]: ci-info: +--------+------+----------------------------+---------------+--------+-------------------+
[   13.285530] cloud-init[954]: ci-info: | enp0s3 | True |         10.0.2.15          | 255.255.255.0 | global | 02:be:82:6b:cc:1d |
[   13.286588] cloud-init[954]: ci-info: | enp0s3 | True | fe80::be:82ff:fe6b:cc1d/64 |       .       |  link  | 02:be:82:6b:cc:1d |
[   13.287587] cloud-init[954]: ci-info: |   lo   | True |         127.0.0.1          |   255.0.0.0   |  host  |         .         |
[   13.288726] cloud-init[954]: ci-info: |   lo   | True |          ::1/128           |       .       |  host  |         .         |
[   13.289787] cloud-init[954]: ci-info: +--------+------+----------------------------+---------------+--------+-------------------+
[   13.290874] cloud-init[954]: ci-info: +++++++++++++++++++++++++++Route IPv4 info++++++++++++++++++++++++++++
[   13.291733] cloud-init[954]: ci-info: +-------+-------------+----------+---------------+-----------+-------+
[   13.292733] cloud-init[954]: ci-info: | Route | Destination | Gateway  |    Genmask    | Interface | Flags |
[   13.293624] cloud-init[954]: ci-info: +-------+-------------+----------+---------------+-----------+-------+
[   13.294556] cloud-init[954]: ci-info: |   0   |   0.0.0.0   | 10.0.2.2 |    0.0.0.0    |   enp0s3  |   UG  |
[   13.295473] cloud-init[954]: ci-info: |   1   |   10.0.2.0  | 0.0.0.0  | 255.255.255.0 |   enp0s3  |   U   |
[   13.296285] cloud-init[954]: ci-info: +-------+-------------+----------+---------------+-----------+-------+
[   13.297151] cloud-init[954]: ci-info: +++++++++++++++++++Route IPv6 info+++++++++++++++++++
[   13.297938] cloud-init[954]: ci-info: +-------+-------------+---------+-----------+-------+
[   13.298784] cloud-init[954]: ci-info: | Route | Destination | Gateway | Interface | Flags |
[   13.299651] cloud-init[954]: ci-info: +-------+-------------+---------+-----------+-------+
[   13.300554] cloud-init[954]: ci-info: |   0   |  fe80::/64  |    ::   |   enp0s3  |   U   |
[   13.301331] cloud-init[954]: ci-info: |   3   |   ff00::/8  |    ::   |   enp0s3  |   U   |
[   13.302167] cloud-init[954]: ci-info: +-------+-------------+---------+-----------+-------+
[   13.303048] cloud-init[954]: Generating public/private rsa key pair.
[   13.303792] cloud-init[954]: Your identification has been saved in /etc/ssh/ssh_host_rsa_key.
[   13.304686] cloud-init[954]: Your public key has been saved in /etc/ssh/ssh_host_rsa_key.pub.
[   13.305481] cloud-init[954]: The key fingerprint is:
[   13.306090] cloud-init[954]: SHA256:GBWGJoKP+cW3tIe+MRqTRU9PTicmBhGiDIIjwRVrhDk root@ubuntu-xenial
[   13.306997] cloud-init[954]: The key's randomart image is:
[   13.307665] cloud-init[954]: +---[RSA 2048]----+
[   13.308409] cloud-init[954]: |*o++o +++.       |
[   13.308947] cloud-init[954]: |*Eo.o.o+         |
[   13.309524] cloud-init[954]: |.=+= oo + = .    |
[   13.310041] cloud-init[954]: |o o o.o* B o     |
[   13.310559] cloud-init[954]: | . . oo+S o      |
[   13.311149] cloud-init[954]: |  .  o+ .        |
[   13.311712] cloud-init[954]: |    +.o.         |
[   13.312347] [[0;32m  OK  [0m] Started Initial cloud-init job (metadata service crawler).
[[0;32m  OK  [0m] Reached target System Initialization.
[[0;32m  OK  [0m] Listening on ACPID Listen Socket.
[[0;32m  OK  [0m] Listening on UUID daemon activation socket.
[[0;32m  OK  [0m] Started Daily Cleanup of Temporary Directories.
cloud-init[954]: |     +.o         |
[   13.314496] cloud-init[[0;32m  OK  [0m] Started ACPI Events Check.
[[0;32m  OK  [0m] Reached target Paths.
[[0;32m  OK  [0m] Started Ubuntu Advantage update messaging.
[[0;32m  OK  [0m] Started Daily apt download activities.
[[0;32m  OK  [0m] Started Daily apt upgrade and clean activities.
[954]: |    . ..         |         Starting LXD - unix socket.
         Starting Socket activation for snappy daemon.
[[0;32m  OK  [0m] Started Message of the Day.
[[0;32m  OK  [0m] Reached target Timers.
[[0;32m  OK  [0m] Listening on D-Bus System Message Bus Socket.
[[0;32m  OK  [0m] Reached target Network is Online.

[   13.318786] cloud-init[954]: +----[SHA256]-----+
[   13.319792] cloud-init[954]: Generating public/private dsa key pair.
[   13.320903] cloud-init[954]: Your identification has been saved in /etc/ssh/ssh_host_dsa_key.
[   13.321807] cloud-init[954]: Your public key has been saved in /etc/ssh/ssh_host_dsa_key.pub.
[   13.322562] cloud-init[954]: The key fingerprint is:
[   13.323101] cloud-init[954]: SHA256:ytgDjTKtWUd6PYGWdBDXSIw2Gc4qUPXPoi3TuiyFJFM root@ubuntu-xenial
[   13.323922] cloud-init[954]: The key's randomart image is:
[   13.324427] cloud-init[954]: +---[DSA 1024]----+
[   13.324926] cloud-init[954]: |  ... =O+o       |
[   13.325501] cloud-init[954]: | .E  ===o .      |
[   13.326060] cloud-init[954]: |..   .O..        |
[   13.326626] cloud-init[954]: |o... B + .       |
[   13.327184] cloud-init[954]: | ++.B = S        |
[   13.327739] cloud-init[954]: |  .B.@ o .       |
[   13.328262] cloud-init[954]: |  o.= B          |
[   13.328754] cloud-init[954]: |  .. + .         |
[   13.329387] cloud-init[954]: |   .+.           |
[   13.329949] cloud-init[954]: +----[SHA256]-----+
[   13.330502] cloud-init[954]: Generating public/private ecdsa key pair.
[   13.331177] cloud-init[954]: Your identification has been saved in /etc/ssh/ssh_host_ecdsa_key.
[   13.331868] cloud-init[954]:          Starting iSCSI initiator daemon (iscsid)...
[[0;32m  OK  [0m] Reached target Cloud-config availability.
[[0;32m  OK  [0m] Listening on LXD - unix socket.
[[0;32m  OK  [0m] Listening on Socket activation for snappy daemon.
[[0;32m  OK  [0m] Reached target Sockets.
[[0;32m  OK  [0m] Reached target Basic System.
Your public key has been saved in /etc/ssh/ssh_host_ecdsa_key.pub.[[0;32m  OK  [0m] Started FUSE filesystem for LXC.

[   13.334930] cloud-init[954]: The key fingerprint is:[[0;32m  OK  [0m] Started Regular background program processing daemon.

[   13.336689] cloud-init[[0;32m  OK  [0m] Started Deferred execution scheduler.
[954]: SHA256:0eV0KQieVUGBwuel0IK4wbgQ5l+CNb9y5ByyW8VkgXk root@ubuntu-xenial         Starting System Logging Service...
[[0;32m  OK  [0m] Started D-Bus System Message Bus.

[   13.348221] cloud-init[954]: The key's randomart image is:
[   13.348887] cloud-init[954]: +---[ECDSA 256]---+
[   13.349706] cloud-init[954]: |.o = .o*oo.=Bo.. |
[   13.351287] cloud-init[954]: |+ + *o=E=+=+o..  |
[   13.352488] cloud-init[954]: | + + B.o+*.o..   |
[   13.353261] cloud-init[954]: |  o X +  .o      |
[   13.354339] cloud-init[954]: |   + *  S        |
[   13.355080] cloud-init[954]: |    =            |
[   13.355858] cloud-init[954]: |   .             |
[   13.358555] cloud-init[954]: |                 |
[   13.359390] cloud-init[954]: |                 |
[   13.360377] cloud-init[954]: +----[SHA256]-----+
[   13.361237] cloud-init[954]: Generating public/private ed25519 key pair.
[   13.362058] cloud-init[954]: Your identification has been saved in /etc/ssh/ssh_host_ed25519_key.
[   13.363010] cloud-init[954]: Your public key has been saved in /etc/ssh/ssh_host_ed25519_key.pub.
[   13.363995] cloud-init[954]: The key fingerprint is:
[   13.365530] cloud-init[954]: SHA256:M1NWrHhxIzdEaPDduuCFoMUdSKNdPHA7hWfTvySBJT4 root@ubuntu-xenial
[   13.366453] cloud-init[954]: The key's randomart image is:
[   13.367184] cloud-init[954]: +--[ED25519 256]--+
[   13.376197] cloud-init[954]: |       .==+BBo   |
[   13.376720] cloud-init[954]: |       +.*XB@o.  |
[   13.377184] cloud-init[954]: |      . =oBE.+o. |
[   13.377800] cloud-init[954]: |       o.+oo.o ..|
[   13.378320] cloud-init[954]: |      . S.o o o .|
[   13.378786] cloud-init[954]: |         = o . . |
[   13.379386] cloud-init[954]: |          . .    |
[   13.379863] cloud-init[954]: |                 |
         Starting Pollinate to seed the pseudo random number generator...
[   13.384594] cloud-init[954]: |                 |
[   13.386928] [[0;32m  OK  [0m] Started ACPI event daemon.
cloud-init[954]: +----[SHA256]-----+
         Starting Login Service...
         Starting Accounts Service...
         Starting Virtualbox guest utils...
         Starting LSB: MD monitoring daemon...
         Starting LSB: Record successful boot for GRUB...
         Starting /etc/rc.local Compatibility...
         Starting Snap Daemon...
         Starting LXD - container startup/shutdown...
[[0;32m  OK  [0m] Started System Logging Service.
[[0;32m  OK  [0m] Started /etc/rc.local Compatibility.
[[0;32m  OK  [0m] Started iSCSI initiator daemon (iscsid).
         Starting Login to default iSCSI targets...
[[0;32m  OK  [0m] Started Login Service.
[[0;32m  OK  [0m] Started Unattended Upgrades Shutdown.
[[0;32m  OK  [0m] Started Login to default iSCSI targets.
[[0;32m  OK  [0m] Reached target Remote File Systems (Pre).
[[0;32m  OK  [0m] Reached target Remote File Systems.
         Starting Permit User Sessions...
         Starting LSB: automatic crash report generation...
         Starting LSB: Set the CPU Frequency Scaling governor to "ondemand"...
         Starting LSB: daemon to balance interrupts for SMP systems...
[[0;32m  OK  [0m] Started Permit User Sessions.
         Starting Terminate Plymouth Boot Screen...
         Starting Hold until boot process finishes up...
[[0;32m  OK  [0m] Started Hold until boot process finishes up.
         Starting Set console scheme...
[[0;32m  OK  [0m] Started Serial Getty on ttyS0.
[[0;32m  OK  [0m] Started Getty on tty1.
[[0;32m  OK  [0m] Reached target Login Prompts.
[[0;32m  OK  [0m] Started Set console scheme.
[[0;32m  OK  [0m] Started Terminate Plymouth Boot Screen.
[[0;32m  OK  [0m] Started LSB: Set the CPU Frequency Scaling governor to "ondemand".
[[0;32m  OK  [0m] Started LSB: Record successful boot for GRUB.
[[0;32m  OK  [0m] Started LSB: MD monitoring daemon.
[[0;32m  OK  [0m] Started LSB: automatic crash report generation.
[[0;32m  OK  [0m] Started LSB: daemon to balance interrupts for SMP systems.
         Starting Authenticate and Authorize Users to Run Privileged Tasks...
[[0;32m  OK  [0m] Started Authenticate and Authorize Users to Run Privileged Tasks.
[[0;32m  OK  [0m] Started Accounts Service.
[[0;32m  OK  [0m] Started Virtualbox guest utils.
[[0;32m  OK  [0m] Started LXD - container startup/shutdown.
[[0;32m  OK  [0m] Started Snap Daemon.
         Starting Wait until snapd is fully seeded...
[[0;32m  OK  [0m] Started Wait until snapd is fully seeded.
         Starting Apply the settings specified in cloud-config...
[   14.068187] cloud-init[1280]: Generating locales (this might take a while)...
[   14.614450] cloud-init[1280]:   en_US.UTF-8... done
[   14.615626] cloud-init[1280]: Generation complete.
[   14.887729] cloud-init[1280]: Cloud-init v. 21.1-19-gbad84ad4-0ubuntu1~16.04.2 running 'modules:config' at Mon, 29 Nov 2021 10:01:55 +0000. Up 13.99 seconds.
[[0;32m  OK  [0m] Started Apply the settings specified in cloud-config.
[[0;32m  OK  [0m] Started Pollinate to seed the pseudo random number generator.
         Starting OpenBSD Secure Shell server...
[[0;32m  OK  [0m] Started OpenBSD Secure Shell server.
[[0;32m  OK  [0m] Reached target Multi-User System.
[[0;32m  OK  [0m] Reached target Graphical Interface.
         Starting Execute cloud user/final scripts...
         Starting Update UTMP about System Runlevel Changes...
[[0;32m  OK  [0m] Started Update UTMP about System Runlevel Changes.
ci-info: no authorized SSH keys fingerprints found for user ubuntu.
<14>Nov 29 10:01:57 ec2: 
<14>Nov 29 10:01:57 ec2: #############################################################
<14>Nov 29 10:01:57 ec2: -----BEGIN SSH HOST KEY FINGERPRINTS-----
<14>Nov 29 10:01:57 ec2: 1024 SHA256:ytgDjTKtWUd6PYGWdBDXSIw2Gc4qUPXPoi3TuiyFJFM root@ubuntu-xenial (DSA)
<14>Nov 29 10:01:57 ec2: 256 SHA256:0eV0KQieVUGBwuel0IK4wbgQ5l+CNb9y5ByyW8VkgXk root@ubuntu-xenial (ECDSA)
<14>Nov 29 10:01:57 ec2: 256 SHA256:M1NWrHhxIzdEaPDduuCFoMUdSKNdPHA7hWfTvySBJT4 root@ubuntu-xenial (ED25519)
<14>Nov 29 10:01:57 ec2: 2048 SHA256:GBWGJoKP+cW3tIe+MRqTRU9PTicmBhGiDIIjwRVrhDk root@ubuntu-xenial (RSA)
<14>Nov 29 10:01:57 ec2: -----END SSH HOST KEY FINGERPRINTS-----
<14>Nov 29 10:01:57 ec2: #############################################################
-----BEGIN SSH HOST KEY KEYS-----
ecdsa-sha2-nistp256 AAAAE2VjZHNhLXNoYTItbmlzdHAyNTYAAAAIbmlzdHAyNTYAAABBBBr00bLNOfIIfmo0UffAPtUNwzX+3pXeL1GGXRyR5DhMPCxREaEUvIpKlHb8Pzh7Pw0EZQAqzRDARQe+7c3P9Go= root@ubuntu-xenial
ssh-ed25519 AAAAC3NzaC1lZDI1NTE5AAAAIOHt/QTT6gU/CAcpE5jMHbk2sMb+fpKUij7MpBrE99gq root@ubuntu-xenial
ssh-rsa AAAAB3NzaC1yc2EAAAADAQABAAABAQCo7/EGrazxc+y1vnjmia9peVelE4iubChOWg+scsu1ijpHpivfY36G06Wt9l4PZ4CRlq+7cyZYfK00GrWtM7dlKB6sJ3Odxoi0HnEy7ppmxRl5P6q57R1BTHzPu6Y+fru17cA3Qvp/fasmd0yo9thx8QgtmBNMVCWU/eoitH4EuW8pN9ys2H97G9q4IMbwAEIxFubqZBcnmU+8KP7vKY/jwJ60pPERBWQKmPVgDRAk7Xh6cRF+t+hMnGHYC3d9ry/r0vxXuwwV3jTRsvSdyxW/zcHIZZMeuDaPfyuGCDVAUFZlKZ/E9na03lz8gaLkbYzUsL9wLLJF/JqReQgzhpJn root@ubuntu-xenial
-----END SSH HOST KEY KEYS-----
[   15.526727] cloud-init[1342]: Cloud-init v. 21.1-19-gbad84ad4-0ubuntu1~16.04.2 running 'modules:final' at Mon, 29 Nov 2021 10:01:57 +0000. Up 15.42 seconds.
[   15.528449] cloud-init[1342]: ci-info: no authorized SSH keys fingerprints found for user ubuntu.
[   15.529643] cloud-init[1342]: Cloud-init v. 21.1-19-gbad84ad4-0ubuntu1~16.04.2 finished at Mon, 29 Nov 2021 10:01:57 +0000. Datasource DataSourceNoCloud [seed=/dev/sdb][dsmode=net].  Up 15.52 seconds
[[0;32m  OK  [0m] Started Execute cloud user/final scripts.
[[0;32m  OK  [0m] Reached target Cloud-init target.

Ubuntu 16.04.7 LTS ubuntu-xenial ttyS0

ubuntu-xenial login: 